{"contracts/calculatorBasic.sol":{"l":{"16":1,"21":1,"26":1,"31":1,"36":1,"41":1},"path":"/home/mittens/Documents/Cardiff/Pres/code/contracts/calculatorBasic.sol","s":{"1":1,"2":1,"3":1,"4":1,"5":1,"6":1},"b":{},"f":{"1":1,"2":1,"3":1,"4":1,"5":1,"6":1},"fnMap":{"1":{"name":null,"line":14,"loc":{"start":{"line":14,"column":2},"end":{"line":15,"column":10}}},"2":{"name":"getResult","line":20,"loc":{"start":{"line":20,"column":2},"end":{"line":20,"column":49}}},"3":{"name":"addToNumber","line":25,"loc":{"start":{"line":25,"column":2},"end":{"line":25,"column":39}}},"4":{"name":"substractNumber","line":30,"loc":{"start":{"line":30,"column":2},"end":{"line":30,"column":43}}},"5":{"name":"multiplyWithNumber","line":35,"loc":{"start":{"line":35,"column":2},"end":{"line":35,"column":46}}},"6":{"name":"divideByNumber","line":40,"loc":{"start":{"line":40,"column":2},"end":{"line":40,"column":42}}}},"statementMap":{"1":{"start":{"line":16,"column":4},"end":{"line":16,"column":13}},"2":{"start":{"line":21,"column":4},"end":{"line":21,"column":17}},"3":{"start":{"line":26,"column":4},"end":{"line":26,"column":27}},"4":{"start":{"line":31,"column":4},"end":{"line":31,"column":27}},"5":{"start":{"line":36,"column":4},"end":{"line":36,"column":27}},"6":{"start":{"line":41,"column":4},"end":{"line":41,"column":27}}},"branchMap":{}},"contracts/SafeMath.sol":{"l":{"16":4,"17":1,"20":3,"21":3,"23":2,"30":3,"31":2,"34":2,"41":3,"42":2,"44":2,"51":3,"52":3,"54":2,"62":5,"63":4},"path":"/home/mittens/Documents/Cardiff/Pres/code/contracts/SafeMath.sol","s":{"1":4,"2":1,"3":3,"4":3,"5":2,"6":3,"7":2,"8":2,"9":3,"10":2,"11":2,"12":3,"13":3,"14":2,"15":5,"16":4},"b":{"1":[1,3],"2":[2,1],"3":[2,1],"4":[2,1],"5":[2,1],"6":[4,1]},"f":{"1":4,"2":3,"3":3,"4":3,"5":5},"fnMap":{"1":{"name":"mul","line":12,"loc":{"start":{"line":12,"column":4},"end":{"line":12,"column":68}}},"2":{"name":"div","line":29,"loc":{"start":{"line":29,"column":4},"end":{"line":29,"column":68}}},"3":{"name":"sub","line":40,"loc":{"start":{"line":40,"column":4},"end":{"line":40,"column":68}}},"4":{"name":"add","line":50,"loc":{"start":{"line":50,"column":4},"end":{"line":50,"column":68}}},"5":{"name":"mod","line":61,"loc":{"start":{"line":61,"column":4},"end":{"line":61,"column":68}}}},"statementMap":{"1":{"start":{"line":16,"column":8},"end":{"line":16,"column":512}},"2":{"start":{"line":17,"column":12},"end":{"line":17,"column":20}},"3":{"start":{"line":20,"column":8},"end":{"line":20,"column":24}},"4":{"start":{"line":21,"column":8},"end":{"line":21,"column":26}},"5":{"start":{"line":23,"column":8},"end":{"line":23,"column":16}},"6":{"start":{"line":30,"column":8},"end":{"line":30,"column":21}},"7":{"start":{"line":31,"column":8},"end":{"line":31,"column":24}},"8":{"start":{"line":34,"column":8},"end":{"line":34,"column":16}},"9":{"start":{"line":41,"column":8},"end":{"line":41,"column":22}},"10":{"start":{"line":42,"column":8},"end":{"line":42,"column":24}},"11":{"start":{"line":44,"column":8},"end":{"line":44,"column":16}},"12":{"start":{"line":51,"column":8},"end":{"line":51,"column":24}},"13":{"start":{"line":52,"column":8},"end":{"line":52,"column":22}},"14":{"start":{"line":54,"column":8},"end":{"line":54,"column":16}},"15":{"start":{"line":62,"column":8},"end":{"line":62,"column":22}},"16":{"start":{"line":63,"column":8},"end":{"line":63,"column":20}}},"branchMap":{"1":{"line":16,"type":"if","locations":[{"start":{"line":16,"column":8},"end":{"line":16,"column":8}},{"start":{"line":16,"column":8},"end":{"line":16,"column":8}}]},"2":{"line":21,"type":"if","locations":[{"start":{"line":21,"column":8},"end":{"line":21,"column":8}},{"start":{"line":21,"column":8},"end":{"line":21,"column":8}}]},"3":{"line":30,"type":"if","locations":[{"start":{"line":30,"column":8},"end":{"line":30,"column":8}},{"start":{"line":30,"column":8},"end":{"line":30,"column":8}}]},"4":{"line":41,"type":"if","locations":[{"start":{"line":41,"column":8},"end":{"line":41,"column":8}},{"start":{"line":41,"column":8},"end":{"line":41,"column":8}}]},"5":{"line":52,"type":"if","locations":[{"start":{"line":52,"column":8},"end":{"line":52,"column":8}},{"start":{"line":52,"column":8},"end":{"line":52,"column":8}}]},"6":{"line":62,"type":"if","locations":[{"start":{"line":62,"column":8},"end":{"line":62,"column":8}},{"start":{"line":62,"column":8},"end":{"line":62,"column":8}}]}}},"contracts/SafeMathMock.sol":{"l":{"8":3,"12":2,"16":2,"20":2,"24":5},"path":"/home/mittens/Documents/Cardiff/Pres/code/contracts/SafeMathMock.sol","s":{"1":3,"2":2,"3":2,"4":2,"5":5},"b":{},"f":{"1":3,"2":2,"3":2,"4":2,"5":5},"fnMap":{"1":{"name":"mul","line":7,"loc":{"start":{"line":7,"column":4},"end":{"line":7,"column":66}}},"2":{"name":"div","line":11,"loc":{"start":{"line":11,"column":4},"end":{"line":11,"column":66}}},"3":{"name":"sub","line":15,"loc":{"start":{"line":15,"column":4},"end":{"line":15,"column":66}}},"4":{"name":"add","line":19,"loc":{"start":{"line":19,"column":4},"end":{"line":19,"column":66}}},"5":{"name":"mod","line":23,"loc":{"start":{"line":23,"column":4},"end":{"line":23,"column":66}}}},"statementMap":{"1":{"start":{"line":8,"column":8},"end":{"line":8,"column":33}},"2":{"start":{"line":12,"column":8},"end":{"line":12,"column":33}},"3":{"start":{"line":16,"column":8},"end":{"line":16,"column":33}},"4":{"start":{"line":20,"column":8},"end":{"line":20,"column":33}},"5":{"start":{"line":24,"column":8},"end":{"line":24,"column":33}}},"branchMap":{}}}