TN:
SF:/home/mittens/Documents/Cardiff/Pres/code/contracts/calculatorBasic.sol
FN:14,
FN:20,getResult
FN:25,addToNumber
FN:30,substractNumber
FN:35,multiplyWithNumber
FN:40,divideByNumber
FNF:6
FNH:6
FNDA:1,
FNDA:1,getResult
FNDA:1,addToNumber
FNDA:1,substractNumber
FNDA:1,multiplyWithNumber
FNDA:1,divideByNumber
DA:16,1
DA:21,1
DA:26,1
DA:31,1
DA:36,1
DA:41,1
LF:6
LH:6
BRF:0
BRH:0
end_of_record
TN:
SF:/home/mittens/Documents/Cardiff/Pres/code/contracts/SafeMath.sol
FN:12,mul
FN:29,div
FN:40,sub
FN:50,add
FN:61,mod
FNF:5
FNH:5
FNDA:4,mul
FNDA:3,div
FNDA:3,sub
FNDA:3,add
FNDA:5,mod
DA:16,4
DA:17,1
DA:20,3
DA:21,3
DA:23,2
DA:30,3
DA:31,2
DA:34,2
DA:41,3
DA:42,2
DA:44,2
DA:51,3
DA:52,3
DA:54,2
DA:62,5
DA:63,4
LF:16
LH:16
BRDA:16,1,0,1
BRDA:16,1,1,3
BRDA:21,2,0,2
BRDA:21,2,1,1
BRDA:30,3,0,2
BRDA:30,3,1,1
BRDA:41,4,0,2
BRDA:41,4,1,1
BRDA:52,5,0,2
BRDA:52,5,1,1
BRDA:62,6,0,4
BRDA:62,6,1,1
BRF:12
BRH:12
end_of_record
TN:
SF:/home/mittens/Documents/Cardiff/Pres/code/contracts/SafeMathMock.sol
FN:7,mul
FN:11,div
FN:15,sub
FN:19,add
FN:23,mod
FNF:5
FNH:5
FNDA:3,mul
FNDA:2,div
FNDA:2,sub
FNDA:2,add
FNDA:5,mod
DA:8,3
DA:12,2
DA:16,2
DA:20,2
DA:24,5
LF:5
LH:5
BRF:0
BRH:0
end_of_record
